<?xml version="1.0" encoding="UTF-8"?>
<!-- Generated by org.testng.reporters.JUnitXMLReporter -->
<testsuite ignored="1" hostname="DESKTOP-VO6VRJI" failures="0" tests="2" name="Default test" time="29.905" errors="0" timestamp="2023-10-25T13:58:04 IST">
  <testcase classname="practice.test.ProcedToCheckoutTest" name="verifyProductDisplayed" time="6.915"/>
  <testcase classname="practice.test.ProcedToCheckoutTest" name="verifyProductDisplayed" time="7.176"/>
  <testcase classname="practice.test.ProcedToCheckoutTest" name="submitOrder" time="0.0">
    <ignored/>
  </testcase> <!-- submitOrder -->
</testsuite> <!-- Default test -->
