<?xml version="1.0" encoding="UTF-8"?>
<!-- Generated by org.testng.reporters.JUnitXMLReporter -->
<testsuite ignored="1" hostname="DESKTOP-VO6VRJI" failures="0" tests="2" name="Test1" time="29.791" errors="0" timestamp="2023-10-25T14:36:28 IST">
  <testcase classname="practice.test.ProcedToCheckoutTest" name="verifyProductDisplayed" time="8.278"/>
  <testcase classname="practice.test.ProcedToCheckoutTest" name="verifyProductDisplayed" time="5.872"/>
  <testcase classname="practice.test.ProcedToCheckoutTest" name="submitOrder" time="0.0">
    <ignored/>
  </testcase> <!-- submitOrder -->
</testsuite> <!-- Test1 -->
