<?xml version="1.0" encoding="UTF-8"?>
<!-- Generated by org.testng.reporters.JUnitXMLReporter -->
<testsuite ignored="2" hostname="DESKTOP-VO6VRJI" failures="2" tests="3" name="Test" time="39.292" errors="0" timestamp="2023-10-25T13:27:36 IST">
  <testcase classname="practice.test.ProcedToCheckoutTest" name="verifyProductDisplayed" time="6.757">
    <failure type="org.openqa.selenium.StaleElementReferenceException" message="stale element reference: stale element not found
  (Session info: chrome=118.0.5993.89)
For documentation on this error, please visit: https://www.selenium.dev/documentation/webdriver/troubleshooting/errors#stale-element-reference-exception
Build info: version: &amp;apos;4.14.0&amp;apos;, revision: &amp;apos;e5a96349ce&amp;apos;
System info: os.name: &amp;apos;Windows 10&amp;apos;, os.arch: &amp;apos;amd64&amp;apos;, os.version: &amp;apos;10.0&amp;apos;, java.version: &amp;apos;17.0.4.1&amp;apos;
Driver info: org.openqa.selenium.chrome.ChromeDriver
Command: [6ba59c3d522f3ef1e6fa75616b55ff7f, getElementText {id=549683228EBFE85C0F30C4A94D38757D_element_26}]
Capabilities {acceptInsecureCerts: false, browserName: chrome, browserVersion: 118.0.5993.89, chrome: {chromedriverVersion: 118.0.5993.70 (e52f33f30b91..., userDataDir: C:\Users\Avinash\AppData\Lo...}, fedcm:accounts: true, goog:chromeOptions: {debuggerAddress: localhost:65400}, networkConnectionEnabled: false, pageLoadStrategy: normal, platformName: windows, proxy: Proxy(), se:cdp: ws://localhost:65400/devtoo..., se:cdpVersion: 118.0.5993.89, setWindowRect: true, strictFileInteractability: false, timeouts: {implicit: 0, pageLoad: 300000, script: 30000}, unhandledPromptBehavior: dismiss and notify, webauthn:extension:credBlob: true, webauthn:extension:largeBlob: true, webauthn:extension:minPinLength: true, webauthn:extension:prf: true, webauthn:virtualAuthenticators: true}
Element: [[ChromeDriver: chrome on windows (6ba59c3d522f3ef1e6fa75616b55ff7f)] -&amp;gt; xpath: //div[@id=&amp;apos;nav-flyout-searchAjax&amp;apos;]//div[@class=&amp;apos;s-suggestion-container&amp;apos;]]
Session ID: 6ba59c3d522f3ef1e6fa75616b55ff7f">
      <![CDATA[org.openqa.selenium.StaleElementReferenceException: stale element reference: stale element not found
  (Session info: chrome=118.0.5993.89)
For documentation on this error, please visit: https://www.selenium.dev/documentation/webdriver/troubleshooting/errors#stale-element-reference-exception
Build info: version: '4.14.0', revision: 'e5a96349ce'
System info: os.name: 'Windows 10', os.arch: 'amd64', os.version: '10.0', java.version: '17.0.4.1'
Driver info: org.openqa.selenium.chrome.ChromeDriver
Command: [6ba59c3d522f3ef1e6fa75616b55ff7f, getElementText {id=549683228EBFE85C0F30C4A94D38757D_element_26}]
Capabilities {acceptInsecureCerts: false, browserName: chrome, browserVersion: 118.0.5993.89, chrome: {chromedriverVersion: 118.0.5993.70 (e52f33f30b91..., userDataDir: C:\Users\Avinash\AppData\Lo...}, fedcm:accounts: true, goog:chromeOptions: {debuggerAddress: localhost:65400}, networkConnectionEnabled: false, pageLoadStrategy: normal, platformName: windows, proxy: Proxy(), se:cdp: ws://localhost:65400/devtoo..., se:cdpVersion: 118.0.5993.89, setWindowRect: true, strictFileInteractability: false, timeouts: {implicit: 0, pageLoad: 300000, script: 30000}, unhandledPromptBehavior: dismiss and notify, webauthn:extension:credBlob: true, webauthn:extension:largeBlob: true, webauthn:extension:minPinLength: true, webauthn:extension:prf: true, webauthn:virtualAuthenticators: true}
Element: [[ChromeDriver: chrome on windows (6ba59c3d522f3ef1e6fa75616b55ff7f)] -> xpath: //div[@id='nav-flyout-searchAjax']//div[@class='s-suggestion-container']]
Session ID: 6ba59c3d522f3ef1e6fa75616b55ff7f
at org.openqa.selenium.remote.codec.w3c.W3CHttpResponseCodec.createException(W3CHttpResponseCodec.java:200)
at org.openqa.selenium.remote.codec.w3c.W3CHttpResponseCodec.decode(W3CHttpResponseCodec.java:133)
at org.openqa.selenium.remote.codec.w3c.W3CHttpResponseCodec.decode(W3CHttpResponseCodec.java:52)
at org.openqa.selenium.remote.HttpCommandExecutor.execute(HttpCommandExecutor.java:191)
at org.openqa.selenium.remote.service.DriverCommandExecutor.invokeExecute(DriverCommandExecutor.java:196)
at org.openqa.selenium.remote.service.DriverCommandExecutor.execute(DriverCommandExecutor.java:171)
at org.openqa.selenium.remote.RemoteWebDriver.execute(RemoteWebDriver.java:602)
at org.openqa.selenium.remote.RemoteWebElement.execute(RemoteWebElement.java:224)
at org.openqa.selenium.remote.RemoteWebElement.getText(RemoteWebElement.java:192)
at Practice.utility.SearchProduct.verifyProductIsPresent(SearchProduct.java:78)
at practice.test.ProcedToCheckoutTest.verifyProductDisplayed(ProcedToCheckoutTest.java:38)
at java.base/java.util.ArrayList.forEach(ArrayList.java:1511)
... Removed 32 stack frames]]>
    </failure>
  </testcase> <!-- verifyProductDisplayed -->
  <testcase classname="practice.test.ProcedToCheckoutTest" name="verifyProductDisplayed" time="8.781">
    <failure type="org.openqa.selenium.StaleElementReferenceException" message="stale element reference: stale element not found
  (Session info: chrome=118.0.5993.89)
For documentation on this error, please visit: https://www.selenium.dev/documentation/webdriver/troubleshooting/errors#stale-element-reference-exception
Build info: version: &amp;apos;4.14.0&amp;apos;, revision: &amp;apos;e5a96349ce&amp;apos;
System info: os.name: &amp;apos;Windows 10&amp;apos;, os.arch: &amp;apos;amd64&amp;apos;, os.version: &amp;apos;10.0&amp;apos;, java.version: &amp;apos;17.0.4.1&amp;apos;
Driver info: org.openqa.selenium.chrome.ChromeDriver
Command: [f2fcc90021a7f4b6eff242a7eb4a41d9, getElementText {id=8C04BBE25C6030AC3A2A62B2613F36E1_element_31}]
Capabilities {acceptInsecureCerts: false, browserName: chrome, browserVersion: 118.0.5993.89, chrome: {chromedriverVersion: 118.0.5993.70 (e52f33f30b91..., userDataDir: C:\Users\Avinash\AppData\Lo...}, fedcm:accounts: true, goog:chromeOptions: {debuggerAddress: localhost:65473}, networkConnectionEnabled: false, pageLoadStrategy: normal, platformName: windows, proxy: Proxy(), se:cdp: ws://localhost:65473/devtoo..., se:cdpVersion: 118.0.5993.89, setWindowRect: true, strictFileInteractability: false, timeouts: {implicit: 0, pageLoad: 300000, script: 30000}, unhandledPromptBehavior: dismiss and notify, webauthn:extension:credBlob: true, webauthn:extension:largeBlob: true, webauthn:extension:minPinLength: true, webauthn:extension:prf: true, webauthn:virtualAuthenticators: true}
Element: [[ChromeDriver: chrome on windows (f2fcc90021a7f4b6eff242a7eb4a41d9)] -&amp;gt; xpath: //div[@id=&amp;apos;nav-flyout-searchAjax&amp;apos;]//div[@class=&amp;apos;s-suggestion-container&amp;apos;]]
Session ID: f2fcc90021a7f4b6eff242a7eb4a41d9">
      <![CDATA[org.openqa.selenium.StaleElementReferenceException: stale element reference: stale element not found
  (Session info: chrome=118.0.5993.89)
For documentation on this error, please visit: https://www.selenium.dev/documentation/webdriver/troubleshooting/errors#stale-element-reference-exception
Build info: version: '4.14.0', revision: 'e5a96349ce'
System info: os.name: 'Windows 10', os.arch: 'amd64', os.version: '10.0', java.version: '17.0.4.1'
Driver info: org.openqa.selenium.chrome.ChromeDriver
Command: [f2fcc90021a7f4b6eff242a7eb4a41d9, getElementText {id=8C04BBE25C6030AC3A2A62B2613F36E1_element_31}]
Capabilities {acceptInsecureCerts: false, browserName: chrome, browserVersion: 118.0.5993.89, chrome: {chromedriverVersion: 118.0.5993.70 (e52f33f30b91..., userDataDir: C:\Users\Avinash\AppData\Lo...}, fedcm:accounts: true, goog:chromeOptions: {debuggerAddress: localhost:65473}, networkConnectionEnabled: false, pageLoadStrategy: normal, platformName: windows, proxy: Proxy(), se:cdp: ws://localhost:65473/devtoo..., se:cdpVersion: 118.0.5993.89, setWindowRect: true, strictFileInteractability: false, timeouts: {implicit: 0, pageLoad: 300000, script: 30000}, unhandledPromptBehavior: dismiss and notify, webauthn:extension:credBlob: true, webauthn:extension:largeBlob: true, webauthn:extension:minPinLength: true, webauthn:extension:prf: true, webauthn:virtualAuthenticators: true}
Element: [[ChromeDriver: chrome on windows (f2fcc90021a7f4b6eff242a7eb4a41d9)] -> xpath: //div[@id='nav-flyout-searchAjax']//div[@class='s-suggestion-container']]
Session ID: f2fcc90021a7f4b6eff242a7eb4a41d9
at org.openqa.selenium.remote.codec.w3c.W3CHttpResponseCodec.createException(W3CHttpResponseCodec.java:200)
at org.openqa.selenium.remote.codec.w3c.W3CHttpResponseCodec.decode(W3CHttpResponseCodec.java:133)
at org.openqa.selenium.remote.codec.w3c.W3CHttpResponseCodec.decode(W3CHttpResponseCodec.java:52)
at org.openqa.selenium.remote.HttpCommandExecutor.execute(HttpCommandExecutor.java:191)
at org.openqa.selenium.remote.service.DriverCommandExecutor.invokeExecute(DriverCommandExecutor.java:196)
at org.openqa.selenium.remote.service.DriverCommandExecutor.execute(DriverCommandExecutor.java:171)
at org.openqa.selenium.remote.RemoteWebDriver.execute(RemoteWebDriver.java:602)
at org.openqa.selenium.remote.RemoteWebElement.execute(RemoteWebElement.java:224)
at org.openqa.selenium.remote.RemoteWebElement.getText(RemoteWebElement.java:192)
at Practice.utility.SearchProduct.verifyProductIsPresent(SearchProduct.java:78)
at practice.test.ProcedToCheckoutTest.verifyProductDisplayed(ProcedToCheckoutTest.java:38)
at java.base/java.util.ArrayList.forEach(ArrayList.java:1511)
... Removed 32 stack frames]]>
    </failure>
  </testcase> <!-- verifyProductDisplayed -->
  <testcase classname="practice.test.VerifySearchTextBox" name="verifyTextBoxIsEnabled" time="0.632"/>
  <testcase classname="practice.test.VerifySearchTextBox" name="textBox" time="0.0">
    <ignored/>
  </testcase> <!-- textBox -->
  <testcase classname="practice.test.ProcedToCheckoutTest" name="submitOrder" time="0.0">
    <ignored/>
  </testcase> <!-- submitOrder -->
</testsuite> <!-- Test -->
