<?xml version="1.0" encoding="UTF-8"?>
<!-- Generated by org.testng.reporters.JUnitXMLReporter -->
<testsuite ignored="1" hostname="DESKTOP-VO6VRJI" failures="0" tests="1" name="Test2" time="6.195" errors="0" timestamp="2023-10-25T14:36:34 IST">
  <testcase classname="practice.test.VerifySearchTextBox" name="textBox" time="0.054"/>
  <testcase classname="practice.test.VerifySearchTextBox" name="verifyTextBoxIsEnabled" time="0.0">
    <ignored/>
  </testcase> <!-- verifyTextBoxIsEnabled -->
</testsuite> <!-- Test2 -->
