<?xml version="1.0" encoding="UTF-8"?>
<testng-results ignored="0" total="2" passed="2" failed="0" skipped="0">
  <reporter-output>
  </reporter-output>
  <suite started-at="2023-10-25T10:58:21 IST" name="Suite" finished-at="2023-10-25T10:59:53 IST" duration-ms="91284">
    <groups>
    </groups>
    <test started-at="2023-10-25T10:58:21 IST" name="Test" finished-at="2023-10-25T10:59:53 IST" duration-ms="91284">
      <class name="practice.test.ProcedToCheckoutTest">
        <test-method is-config="true" signature="launchApplication()[pri:0, instance:practice.test.ProcedToCheckoutTest@63fbfaeb]" started-at="2023-10-25T10:58:22 IST" name="launchApplication" finished-at="2023-10-25T10:58:33 IST" duration-ms="10883" status="PASS">
          <reporter-output>
          </reporter-output>
        </test-method> <!-- launchApplication -->
        <test-method signature="submitOrder(java.util.HashMap)[pri:0, instance:practice.test.ProcedToCheckoutTest@63fbfaeb]" started-at="2023-10-25T10:58:33 IST" name="submitOrder" data-provider="getData" finished-at="2023-10-25T10:58:56 IST" duration-ms="23801" status="PASS">
          <params>
            <param index="0">
              <value>
                <![CDATA[{firstProduct=boAt BassHeads 225 Special Edition in-Ear Wired Headphones with Mic (Blue), search=boat headphones, secondProduct=boAt Rockerz 400 Bluetooth On Ear Headphones With Mic With Upto 8 Hours Playback & Soft Padded Ear Cushions(Carbon Black)}]]>
              </value>
            </param>
          </params>
          <reporter-output>
          </reporter-output>
        </test-method> <!-- submitOrder -->
        <test-method is-config="true" signature="closeWindow()[pri:0, instance:practice.test.ProcedToCheckoutTest@63fbfaeb]" started-at="2023-10-25T10:58:56 IST" name="closeWindow" finished-at="2023-10-25T10:59:01 IST" duration-ms="4287" status="PASS">
          <reporter-output>
          </reporter-output>
        </test-method> <!-- closeWindow -->
        <test-method is-config="true" signature="launchApplication()[pri:0, instance:practice.test.ProcedToCheckoutTest@63fbfaeb]" started-at="2023-10-25T10:59:01 IST" name="launchApplication" finished-at="2023-10-25T10:59:09 IST" duration-ms="8366" status="PASS">
          <reporter-output>
          </reporter-output>
        </test-method> <!-- launchApplication -->
        <test-method signature="submitOrder(java.util.HashMap)[pri:0, instance:practice.test.ProcedToCheckoutTest@63fbfaeb]" started-at="2023-10-25T10:59:09 IST" name="submitOrder" data-provider="getData" finished-at="2023-10-25T10:59:48 IST" duration-ms="39322" status="PASS">
          <params>
            <param index="0">
              <value>
                <![CDATA[{firstProduct=OnePlus Nord 3 5G (Misty Green, 8GB RAM, 128GB Storage), search=oneplus mobiles, secondProduct=OnePlus Nord N20 SE (Oasis Blue, 4GB RAM, 64GB Storage)}]]>
              </value>
            </param>
          </params>
          <reporter-output>
          </reporter-output>
        </test-method> <!-- submitOrder -->
        <test-method is-config="true" signature="closeWindow()[pri:0, instance:practice.test.ProcedToCheckoutTest@63fbfaeb]" started-at="2023-10-25T10:59:48 IST" name="closeWindow" finished-at="2023-10-25T10:59:53 IST" duration-ms="4116" status="PASS">
          <reporter-output>
          </reporter-output>
        </test-method> <!-- closeWindow -->
      </class> <!-- practice.test.ProcedToCheckoutTest -->
    </test> <!-- Test -->
  </suite> <!-- Suite -->
</testng-results>
